0 info it worked if it ends with ok
1 verbose cli [ 'C:\\Program Files\\nodejs\\node.exe',
1 verbose cli   'C:\\Program Files\\nodejs\\node_modules\\npm\\bin\\npm-cli.js',
1 verbose cli   'publish' ]
2 info using npm@3.10.10
3 info using node@v6.10.0
4 verbose publish [ '.' ]
5 silly cache add args [ '.', null ]
6 verbose cache add spec .
7 silly cache add parsed spec Result {
7 silly cache add   raw: '.',
7 silly cache add   scope: null,
7 silly cache add   escapedName: null,
7 silly cache add   name: null,
7 silly cache add   rawSpec: '.',
7 silly cache add   spec: 'C:\\Users\\tatiana\\ff-project',
7 silly cache add   type: 'directory' }
8 verbose addLocalDirectory C:\Users\tatiana\AppData\Roaming\npm-cache\app\0.1.0\package.tgz not in flight; packing
9 verbose correctMkdir C:\Users\tatiana\AppData\Roaming\npm-cache correctMkdir not in flight; initializing
10 info lifecycle app@0.1.0~prepublish: app@0.1.0
11 silly lifecycle app@0.1.0~prepublish: no script for prepublish, continuing
12 verbose tar pack [ 'C:\\Users\\tatiana\\AppData\\Roaming\\npm-cache\\app\\0.1.0\\package.tgz',
12 verbose tar pack   'C:\\Users\\tatiana\\ff-project' ]
13 verbose tarball C:\Users\tatiana\AppData\Roaming\npm-cache\app\0.1.0\package.tgz
14 verbose folder C:\Users\tatiana\ff-project
15 verbose addLocalTarball adding from inside cache C:\Users\tatiana\AppData\Roaming\npm-cache\app\0.1.0\package.tgz
16 verbose correctMkdir C:\Users\tatiana\AppData\Roaming\npm-cache correctMkdir not in flight; initializing
17 silly cache afterAdd app@0.1.0
18 verbose afterAdd C:\Users\tatiana\AppData\Roaming\npm-cache\app\0.1.0\package\package.json not in flight; writing
19 verbose correctMkdir C:\Users\tatiana\AppData\Roaming\npm-cache correctMkdir not in flight; initializing
20 verbose afterAdd C:\Users\tatiana\AppData\Roaming\npm-cache\app\0.1.0\package\package.json written
21 silly publish { name: 'app',
21 silly publish   version: '0.1.0',
21 silly publish   readme: '# ff-project\r\nFF Books recommendation system.\r\n',
21 silly publish   readmeFilename: 'README.md',
21 silly publish   gitHead: '0765afefcd7b5d5fbdb3112608d2fca400e631e7',
21 silly publish   description: 'FF Books recommendation system.',
21 silly publish   _id: 'app@0.1.0',
21 silly publish   scripts: {},
21 silly publish   _shasum: 'f10d67ffeb8de63151a5f6593182771bc222f1e1',
21 silly publish   _from: '.' }
22 verbose getPublishConfig undefined
23 silly mapToRegistry name app
24 silly mapToRegistry using default registry
25 silly mapToRegistry registry https://registry.npmjs.org/
26 silly mapToRegistry data Result {
26 silly mapToRegistry   raw: 'app',
26 silly mapToRegistry   scope: null,
26 silly mapToRegistry   escapedName: 'app',
26 silly mapToRegistry   name: 'app',
26 silly mapToRegistry   rawSpec: '',
26 silly mapToRegistry   spec: 'latest',
26 silly mapToRegistry   type: 'tag' }
27 silly mapToRegistry uri https://registry.npmjs.org/app
28 verbose publish registryBase https://registry.npmjs.org/
29 silly publish uploading C:\Users\tatiana\AppData\Roaming\npm-cache\app\0.1.0\package.tgz
30 verbose stack Error: auth required for publishing
30 verbose stack     at CachingRegistryClient.publish (C:\Program Files\nodejs\node_modules\npm\node_modules\npm-registry-client\lib\publish.js:30:14)
30 verbose stack     at C:\Program Files\nodejs\node_modules\npm\lib\publish.js:138:14
30 verbose stack     at mapToRegistry (C:\Program Files\nodejs\node_modules\npm\lib\utils\map-to-registry.js:62:3)
30 verbose stack     at publish_ (C:\Program Files\nodejs\node_modules\npm\lib\publish.js:107:3)
30 verbose stack     at Array.<anonymous> (C:\Program Files\nodejs\node_modules\npm\node_modules\slide\lib\bind-actor.js:15:8)
30 verbose stack     at LOOP (C:\Program Files\nodejs\node_modules\npm\node_modules\slide\lib\chain.js:15:14)
30 verbose stack     at LOOP (C:\Program Files\nodejs\node_modules\npm\node_modules\slide\lib\chain.js:14:28)
30 verbose stack     at chain (C:\Program Files\nodejs\node_modules\npm\node_modules\slide\lib\chain.js:20:5)
30 verbose stack     at C:\Program Files\nodejs\node_modules\npm\lib\publish.js:73:5
30 verbose stack     at RES (C:\Program Files\nodejs\node_modules\npm\node_modules\inflight\inflight.js:23:14)
31 verbose cwd C:\Users\tatiana\ff-project
32 error Windows_NT 6.1.7601
33 error argv "C:\\Program Files\\nodejs\\node.exe" "C:\\Program Files\\nodejs\\node_modules\\npm\\bin\\npm-cli.js" "publish"
34 error node v6.10.0
35 error npm  v3.10.10
36 error code ENEEDAUTH
37 error need auth auth required for publishing
38 error need auth You need to authorize this machine using `npm adduser`
39 verbose exit [ 1, true ]
